<?xml version="1.0" encoding="UTF-8"?>
<!--

    Copyright 2014 SAP AG

    Licensed under the Apache License, Version 2.0 (the "License");
    you may not use this file except in compliance with the License.
    You may obtain a copy of the License at

        http://www.apache.org/licenses/LICENSE-2.0

    Unless required by applicable law or agreed to in writing, software
    distributed under the License is distributed on an "AS IS" BASIS,
    WITHOUT WARRANTIES OR CONDITIONS OF ANY KIND, either express or implied.
    See the License for the specific language governing permissions and
    limitations under the License.

-->
<measurementEnvironment xmlns="org.spotter.shared.environment.model">
	<instrumentationController>
		<extensionName>instrumentation.dynamic.client</extensionName>
		<config key="org.spotter.instrumentation.name" value="Instrumentation Agent" />
		<config key="org.spotter.instrumentation.host" value="localhost" />
		<config key="org.spotter.instrumentation.port" value="1337" />
		
		<!-- optional keys -->
		<config key="org.spotter.instrumentation.packageExcludes" value="" />
		<config key="org.spotter.instrumentation.packageIncludes" value="" />
	</instrumentationController>

	<measurementController>
		<extensionName>measurement.client</extensionName>
		<config key="org.spotter.measurement.name" value="Instrumentation Measurement Agent" />
		<config key="org.spotter.measurement.host" value="localhost" />
		<config key="org.spotter.measurement.port" value="1337" />
	</measurementController>
<!--
	<measurementController>
		<extensionName>measurement.sampler</extensionName>
		<config key="org.spotter.measurement.name" value="Sampler Agent" />
		<config key="org.spotter.measurement.host" value="localhost" />
		<config key="org.spotter.measurement.port" value="8082" />
		<config key="org.spotter.sampling.delay" value="500" />
	</measurementController>
-->
	<workloadAdapter>
		<extensionName>workload.adapter.simple</extensionName>
		<config key="org.spotter.workload.name" value="Simple Workload Generator" />
		<config key="org.spotter.workload.simple.userScriptPath" value="C:/Users/c5170547/GIT/spotter/org.spotter.demo/target/classes/" />
		<config key="org.spotter.workload.simple.userScriptClassName" value="org.spotter.demo.load.VUser" />
	</workloadAdapter>

</measurementEnvironment>